TN:
SF:src\App.jsx
FN:5,App
FNF:1
FNH:1
FNDA:1,App
DA:1,1
DA:2,1
DA:3,1
DA:4,1
DA:5,1
DA:6,1
DA:7,1
DA:8,1
DA:9,1
DA:10,1
DA:11,1
DA:12,1
DA:13,1
LF:13
LH:13
BRDA:5,0,0,1
BRF:1
BRH:1
end_of_record
TN:
SF:src\Folder.jsx
FN:3,Folder
FN:6,toggleFolder
FNF:2
FNH:2
FNDA:4,Folder
FNDA:2,toggleFolder
DA:1,1
DA:2,1
DA:3,1
DA:4,4
DA:5,4
DA:6,4
DA:7,2
DA:8,2
DA:9,4
DA:10,4
DA:11,4
DA:12,4
DA:13,4
DA:14,4
DA:15,4
DA:16,1
DA:17,1
DA:18,2
DA:19,2
DA:20,2
DA:21,1
DA:22,1
DA:23,4
DA:24,4
DA:25,4
DA:26,4
DA:27,1
DA:28,1
LF:28
LH:28
BRDA:3,0,0,4
BRDA:13,1,0,1
BRDA:13,2,0,3
BRDA:15,3,0,1
BRDA:6,4,0,2
BRDA:17,5,0,2
BRDA:19,6,0,0
BRF:7
BRH:6
end_of_record
TN:
SF:src\FolderItem.jsx
FN:3,FolderItem
FNF:1
FNH:1
FNDA:1,FolderItem
DA:1,1
DA:2,1
DA:3,1
DA:4,1
DA:5,1
DA:6,1
DA:7,1
LF:7
LH:7
BRDA:3,0,0,1
BRF:1
BRH:1
end_of_record
TN:
SF:src\LeftNav.jsx
FN:11,LeftNav
FN:44,handleSearch
FN:52,handleSelect
FN:62,findMatchingKeys
FN:76,findItemDetails
FN:100,onChange
FN:107,onExpand
FN:146,onChange
FN:160,onChange
FNF:9
FNH:4
FNDA:4,LeftNav
FNDA:1,handleSearch
FNDA:0,handleSelect
FNDA:4,findMatchingKeys
FNDA:0,findItemDetails
FNDA:1,onChange
FNDA:0,onExpand
FNDA:0,onChange
FNDA:0,onChange
DA:1,1
DA:2,1
DA:3,1
DA:4,1
DA:5,1
DA:6,1
DA:7,1
DA:8,1
DA:9,1
DA:10,1
DA:11,1
DA:12,4
DA:13,4
DA:14,4
DA:15,4
DA:16,4
DA:17,4
DA:18,4
DA:19,4
DA:20,4
DA:21,4
DA:22,4
DA:23,4
DA:24,4
DA:25,4
DA:26,4
DA:27,4
DA:28,4
DA:29,4
DA:30,4
DA:31,4
DA:32,4
DA:33,4
DA:34,4
DA:35,4
DA:36,4
DA:37,4
DA:38,4
DA:39,4
DA:40,4
DA:41,4
DA:42,4
DA:43,4
DA:44,4
DA:45,1
DA:46,1
DA:47,1
DA:48,1
DA:49,1
DA:50,1
DA:51,4
DA:52,4
DA:53,0
DA:54,0
DA:55,0
DA:56,0
DA:57,0
DA:58,0
DA:59,0
DA:60,4
DA:61,4
DA:62,4
DA:63,4
DA:64,4
DA:65,8
DA:66,6
DA:67,6
DA:68,8
DA:69,3
DA:70,3
DA:71,4
DA:72,4
DA:73,4
DA:74,4
DA:75,4
DA:76,4
DA:77,0
DA:78,0
DA:79,0
DA:80,0
DA:81,0
DA:82,0
DA:83,0
DA:84,0
DA:85,0
DA:86,0
DA:87,0
DA:88,0
DA:89,0
DA:90,4
DA:91,4
DA:92,4
DA:93,4
DA:94,4
DA:95,4
DA:96,4
DA:97,4
DA:98,4
DA:99,4
DA:100,4
DA:101,4
DA:102,4
DA:103,4
DA:104,4
DA:105,4
DA:106,4
DA:107,4
DA:108,4
DA:109,4
DA:110,4
DA:111,4
DA:112,4
DA:113,4
DA:114,4
DA:115,4
DA:116,8
DA:117,8
DA:118,8
DA:119,8
DA:120,8
DA:121,8
DA:122,20
DA:123,20
DA:124,20
DA:125,20
DA:126,20
DA:127,8
DA:128,8
DA:129,4
DA:130,4
DA:131,4
DA:132,4
DA:133,4
DA:134,4
DA:135,4
DA:136,0
DA:137,0
DA:138,0
DA:139,0
DA:140,0
DA:141,0
DA:142,0
DA:143,0
DA:144,0
DA:145,0
DA:146,0
DA:147,0
DA:148,0
DA:149,0
DA:150,0
DA:151,0
DA:152,0
DA:153,0
DA:154,0
DA:155,0
DA:156,0
DA:157,0
DA:158,0
DA:159,0
DA:160,0
DA:161,0
DA:162,0
DA:163,0
DA:164,0
DA:165,0
DA:166,0
DA:167,0
DA:168,0
DA:169,0
DA:170,0
DA:171,0
DA:172,0
DA:173,0
DA:174,0
DA:175,4
DA:176,4
DA:177,4
DA:178,4
DA:179,1
DA:180,1
LF:180
LH:121
BRDA:11,0,0,4
BRDA:91,1,0,0
BRDA:135,2,0,0
BRDA:44,3,0,1
BRDA:62,4,0,4
BRDA:64,5,0,8
BRDA:65,6,0,6
BRDA:68,7,0,3
BRDA:100,8,0,1
BRDA:109,9,0,4
BRDA:115,10,0,8
BRDA:121,11,0,20
BRF:12
BRH:10
end_of_record
TN:
SF:src\RichTextEditor.jsx
FN:5,RichTextEditor
FNF:1
FNH:0
FNDA:0,RichTextEditor
DA:1,1
DA:2,1
DA:3,1
DA:4,1
DA:5,1
DA:6,0
DA:7,0
DA:8,0
DA:9,0
DA:10,0
DA:11,0
DA:12,0
DA:13,0
DA:14,0
DA:15,0
DA:16,0
DA:17,0
DA:18,0
DA:19,0
DA:20,0
DA:21,0
DA:22,0
DA:23,0
DA:24,1
DA:25,1
LF:25
LH:7
BRF:0
BRH:0
end_of_record
TN:
SF:src\StarRating.jsx
FN:5,StarRating
FNF:1
FNH:1
FNDA:1,StarRating
DA:1,1
DA:2,1
DA:3,1
DA:4,1
DA:5,1
DA:6,1
DA:7,1
DA:8,1
DA:9,1
DA:10,1
DA:11,1
DA:12,1
DA:13,1
DA:14,1
DA:15,1
DA:16,1
DA:17,1
DA:18,1
DA:19,1
DA:20,1
DA:21,1
LF:21
LH:21
BRDA:5,0,0,1
BRF:1
BRH:1
end_of_record
TN:
SF:src\main.jsx
FN:1,(empty-report)
FNF:1
FNH:0
FNDA:0,(empty-report)
DA:1,0
DA:2,0
DA:3,0
DA:4,0
DA:5,0
DA:6,0
DA:7,0
LF:7
LH:0
BRDA:1,0,0,0
BRF:1
BRH:0
end_of_record
